
2020-4-6 10:09:02 AM

Operating System
  Name                        = Mac OS X
  Version                     = 10.14.6
  Architecture                = 64bit
  # CPUs                      = 4
  Memory                      = 8589934592

Node.js
  Node.js Version             = 10.16.2
  npm Version                 = 6.9.0

Titanium CLI
  CLI Version                 = 5.2.2

Titanium SDK
  SDK Version                 = 9.0.0.GA
  SDK Path                    = /Users/fontainedidier/Library/Application Support/Titanium/mobilesdk/osx/9.0.0.GA
  Target Platform             = android

Command
  /Users/fontainedidier/.nvm/versions/node/v10.16.2/bin/node /Users/fontainedidier/.appcelerator/install/7.1.2/package/node_modules/titanium/lib/titanium.js build -p android --build-only -l trace --config-file /var/folders/1g/_2mhswkj0kqd930_nhcgvmvw0000gn/T/build-1586153337722.json --no-banner --project-dir /Volumes/DATAHD/Appcelerator/admobrewarded/android

[INFO]   Assets Dir: /Volumes/DATAHD/Appcelerator/admobrewarded/assets
[INFO]   Documentation Dir: /Volumes/DATAHD/Appcelerator/admobrewarded/documentation
[INFO]   Example Dir: /Volumes/DATAHD/Appcelerator/admobrewarded/example
[INFO]   Platform Dir: /Volumes/DATAHD/Appcelerator/admobrewarded/android/platform
[INFO]   Resources Dir: /Volumes/DATAHD/Appcelerator/admobrewarded/android/Resources
[INFO]   Generating root project files
[INFO]   Generating gradle project: module
[INFO]   Building module
[INFO]   [GRADLE] > Task :module:preBuild
[INFO]   [GRADLE] > Task :module:preReleaseBuild
[INFO]   [GRADLE] > Task :module:compileReleaseAidl NO-SOURCE
[INFO]   [GRADLE] > Task :module:compileReleaseRenderscript NO-SOURCE
[INFO]   [GRADLE] > Task :module:checkReleaseManifest UP-TO-DATE
[INFO]   [GRADLE] > Task :module:generateReleaseBuildConfig UP-TO-DATE
[INFO]   [GRADLE] > Task :module:generateReleaseResValues UP-TO-DATE
[INFO]   [GRADLE] > Task :module:generateReleaseResources UP-TO-DATE
[INFO]   [GRADLE] > Task :module:packageReleaseResources UP-TO-DATE
[INFO]   [GRADLE] > Task :module:processReleaseManifest UP-TO-DATE
[INFO]   [GRADLE] 
[INFO]   [GRADLE] > Task :module:generateReleaseRFile
[INFO]   [GRADLE] Changing the value for a property with a final value has been deprecated. This will fail with an error in Gradle 6.0.
[INFO]   [GRADLE] 
[INFO]   [GRADLE] > Task :module:kaptGenerateStubsReleaseKotlin
[INFO]   [GRADLE] 
[INFO]   [GRADLE] > Task :module:kaptReleaseKotlin
[INFO]   [GRADLE] w: [kapt] Incremental annotation processing requested, but support is disabled because the following processors are not incremental: org.appcelerator.kroll.annotations.generator.KrollJSONGenerator (NON_INCREMENTAL).
[INFO]   [GRADLE] 
[INFO]   [GRADLE] > Task :module:compileReleaseKotlin
[INFO]   [GRADLE] > Task :module:prepareLintJar UP-TO-DATE
[INFO]   [GRADLE] > Task :module:generateReleaseSources UP-TO-DATE
[INFO]   [GRADLE] > Task :module:javaPreCompileRelease
[INFO]   [GRADLE] 
[INFO]   [GRADLE] > Task :module:compileReleaseJavaWithJavac
[INFO]   [GRADLE] Running Titanium "generate-cpp-files.js" script.
[INFO]   [GRADLE] 
[INFO]   [GRADLE] > Task :module:extractReleaseAnnotations
[INFO]   [GRADLE] > Task :module:mergeReleaseConsumerProguardFiles UP-TO-DATE
[INFO]   [GRADLE] > Task :module:mergeReleaseShaders UP-TO-DATE
[INFO]   [GRADLE] > Task :module:compileReleaseShaders UP-TO-DATE
[INFO]   [GRADLE] > Task :module:generateReleaseAssets UP-TO-DATE
[INFO]   [GRADLE] > Task :module:packageReleaseAssets UP-TO-DATE
[INFO]   [GRADLE] > Task :module:packageReleaseRenderscript NO-SOURCE
[INFO]   [GRADLE] > Task :module:prepareLintJarForPublish UP-TO-DATE
[INFO]   [GRADLE] > Task :module:processReleaseJavaRes NO-SOURCE
[INFO]   [GRADLE] > Task :module:transformResourcesWithMergeJavaResForRelease UP-TO-DATE
[INFO]   [GRADLE] > Task :module:transformClassesAndResourcesWithSyncLibJarsForRelease
[INFO]   [GRADLE] > Task :module:generateJsonModelRelease UP-TO-DATE
[INFO]   [GRADLE] 
[INFO]   [GRADLE] > Task :module:externalNativeBuildRelease
[INFO]   [GRADLE] Build net.birdirbir.admobrewarded x86_64
[INFO]   [GRADLE] Android NDK: WARNING:/Volumes/DATAHD/Appcelerator/admobrewarded/android/build/module/src/main/jni/Android.mk:net.birdirbir.admobrewarded: non-system libraries in linker flags: -lkroll-v8    
[INFO]   [GRADLE] Android NDK:     This is likely to result in incorrect builds. Try using LOCAL_STATIC_LIBRARIES    
[INFO]   [GRADLE] Android NDK:     or LOCAL_SHARED_LIBRARIES instead to list the library dependencies of the    
[INFO]   [GRADLE] Android NDK:     current module    
[INFO]   [GRADLE] [x86_64] Compile++      : net.birdirbir.admobrewarded <= TiModuleBootstrap.cpp
[INFO]   [GRADLE] [x86_64] Compile++      : net.birdirbir.admobrewarded <= net.birdirbir.admobrewarded.AdmobrewardedModule.cpp
[INFO]   [GRADLE] [x86_64] Compile++      : net.birdirbir.admobrewarded <= net.birdirbir.admobrewarded.ExampleProxy.cpp
[INFO]   [GRADLE] [x86_64] Compile++      : net.birdirbir.admobrewarded <= net.birdirbir.admobrewarded.RewardedVideoProxy.cpp
[INFO]   [GRADLE] [x86_64] SharedLibrary  : libnet.birdirbir.admobrewarded.so
[INFO]   [GRADLE] Build net.birdirbir.admobrewarded x86
[INFO]   [GRADLE] Android NDK: WARNING:/Volumes/DATAHD/Appcelerator/admobrewarded/android/build/module/src/main/jni/Android.mk:net.birdirbir.admobrewarded: non-system libraries in linker flags: -lkroll-v8    
[INFO]   [GRADLE] Android NDK:     This is likely to result in incorrect builds. Try using LOCAL_STATIC_LIBRARIES    
[INFO]   [GRADLE] Android NDK:     or LOCAL_SHARED_LIBRARIES instead to list the library dependencies of the    
[INFO]   [GRADLE] Android NDK:     current module    
[INFO]   [GRADLE] [x86] Compile++      : net.birdirbir.admobrewarded <= TiModuleBootstrap.cpp
[INFO]   [GRADLE] [x86] Compile++      : net.birdirbir.admobrewarded <= net.birdirbir.admobrewarded.AdmobrewardedModule.cpp
[INFO]   [GRADLE] [x86] Compile++      : net.birdirbir.admobrewarded <= net.birdirbir.admobrewarded.ExampleProxy.cpp
[INFO]   [GRADLE] [x86] Compile++      : net.birdirbir.admobrewarded <= net.birdirbir.admobrewarded.RewardedVideoProxy.cpp
[INFO]   [GRADLE] [x86] SharedLibrary  : libnet.birdirbir.admobrewarded.so
[INFO]   [GRADLE] Build net.birdirbir.admobrewarded arm64-v8a
[INFO]   [GRADLE] Android NDK: WARNING:/Volumes/DATAHD/Appcelerator/admobrewarded/android/build/module/src/main/jni/Android.mk:net.birdirbir.admobrewarded: non-system libraries in linker flags: -lkroll-v8    
[INFO]   [GRADLE] Android NDK:     This is likely to result in incorrect builds. Try using LOCAL_STATIC_LIBRARIES    
[INFO]   [GRADLE] Android NDK:     or LOCAL_SHARED_LIBRARIES instead to list the library dependencies of the    
[INFO]   [GRADLE] Android NDK:     current module    
[INFO]   [GRADLE] [arm64-v8a] Compile++      : net.birdirbir.admobrewarded <= TiModuleBootstrap.cpp
[INFO]   [GRADLE] [arm64-v8a] Compile++      : net.birdirbir.admobrewarded <= net.birdirbir.admobrewarded.AdmobrewardedModule.cpp
[INFO]   [GRADLE] [arm64-v8a] Compile++      : net.birdirbir.admobrewarded <= net.birdirbir.admobrewarded.ExampleProxy.cpp
[INFO]   [GRADLE] [arm64-v8a] Compile++      : net.birdirbir.admobrewarded <= net.birdirbir.admobrewarded.RewardedVideoProxy.cpp
[INFO]   [GRADLE] [arm64-v8a] SharedLibrary  : libnet.birdirbir.admobrewarded.so
[INFO]   [GRADLE] Build net.birdirbir.admobrewarded armeabi-v7a
[INFO]   [GRADLE] Android NDK: WARNING:/Volumes/DATAHD/Appcelerator/admobrewarded/android/build/module/src/main/jni/Android.mk:net.birdirbir.admobrewarded: non-system libraries in linker flags: -lkroll-v8    
[INFO]   [GRADLE] Android NDK:     This is likely to result in incorrect builds. Try using LOCAL_STATIC_LIBRARIES    
[INFO]   [GRADLE] Android NDK:     or LOCAL_SHARED_LIBRARIES instead to list the library dependencies of the    
[INFO]   [GRADLE] Android NDK:     current module    
[INFO]   [GRADLE] [armeabi-v7a] Compile++ thumb: net.birdirbir.admobrewarded <= TiModuleBootstrap.cpp
[INFO]   [GRADLE] [armeabi-v7a] Compile++ thumb: net.birdirbir.admobrewarded <= net.birdirbir.admobrewarded.AdmobrewardedModule.cpp
[INFO]   [GRADLE] [armeabi-v7a] Compile++ thumb: net.birdirbir.admobrewarded <= net.birdirbir.admobrewarded.ExampleProxy.cpp
[INFO]   [GRADLE] [armeabi-v7a] Compile++ thumb: net.birdirbir.admobrewarded <= net.birdirbir.admobrewarded.RewardedVideoProxy.cpp
[INFO]   [GRADLE] [armeabi-v7a] SharedLibrary  : libnet.birdirbir.admobrewarded.so
[INFO]   [GRADLE] 
[INFO]   [GRADLE] > Task :module:mergeReleaseJniLibFolders UP-TO-DATE
[INFO]   [GRADLE] > Task :module:transformNativeLibsWithMergeJniLibsForRelease UP-TO-DATE
[INFO]   [GRADLE] > Task :module:transformNativeLibsWithStripDebugSymbolForRelease UP-TO-DATE
[INFO]   [GRADLE] > Task :module:transformNativeLibsWithSyncJniLibsForRelease UP-TO-DATE
[INFO]   [GRADLE] > Task :module:bundleReleaseAar
[INFO]   [GRADLE] > Task :module:compileReleaseSources
[INFO]   [GRADLE] > Task :module:mergeReleaseResources UP-TO-DATE
[INFO]   [GRADLE] > Task :module:verifyReleaseResources UP-TO-DATE
[INFO]   [GRADLE] > Task :module:assembleRelease
[INFO]   [GRADLE] 
[INFO]   [GRADLE] BUILD SUCCESSFUL in 18s
[INFO]   [GRADLE] 30 actionable tasks: 11 executed, 19 up-to-date
[INFO]   [GRADLE] > Task :module:generatePomFileForTitaniumPublicationPublication
[INFO]   [GRADLE] > Task :module:publishTitaniumPublicationPublicationToMavenRepository
[INFO]   [GRADLE] > Task :module:publish
[INFO]   [GRADLE] 
[INFO]   [GRADLE] BUILD SUCCESSFUL in 1s
[INFO]   [GRADLE] 2 actionable tasks: 2 executed
[INFO]   Packaging the module
[INFO]   Creating module zip
[INFO]   Writing module zip: /Volumes/DATAHD/Appcelerator/admobrewarded/android/dist/net.birdirbir.admobrewarded-android-2.0.0.zip
[INFO]   Project built successfully in 23s 143ms
